<?xml version="1.0" encoding="utf-8"?>
<TestRun id="109585b6-6fae-462f-a691-735e318e4833" name="Ahmed@AHMED 2026-04-05 16:43:02" runUser="AHMED\Ahmed" xmlns="http://microsoft.com/schemas/VisualStudio/TeamTest/2010">
  <Times creation="2026-04-05T16:43:02.9960530+02:00" queuing="2026-04-05T16:43:02.9960533+02:00" start="2026-04-05T16:43:02.5152465+02:00" finish="2026-04-05T16:43:02.9964782+02:00" />
  <TestSettings name="default" id="279fedca-c72e-4e15-ab47-1bc0cc0736da">
    <Deployment runDeploymentRoot="Ahmed_AHMED_2026-04-05_16_43_02" />
  </TestSettings>
  <TestLists>
    <TestList name="Results Not in a List" id="8c84fa94-04c1-424b-9868-57a2d4851a1d" />
    <TestList name="All Loaded Results" id="19431567-8539-422a-85d7-44ee4e166bda" />
  </TestLists>
  <ResultSummary outcome="Completed">
    <Counters total="0" executed="0" passed="0" failed="0" error="0" timeout="0" aborted="0" inconclusive="0" passedButRunAborted="0" notRunnable="0" notExecuted="0" disconnected="0" warning="0" completed="0" inProgress="0" pending="0" />
    <RunInfos>
      <RunInfo computerName="AHMED" outcome="Warning" timestamp="2026-04-05T16:43:02.9365732+02:00">
        <Text>No test is available in C:\Users\adminstrator\Documents\ITI_9Months\AITools\Day2\Lab\day2\day2\bin\Debug\net10.0\day2.dll. Make sure that test discoverer &amp; executors are registered and platform &amp; framework version settings are appropriate and try again.</Text>
      </RunInfo>
    </RunInfos>
  </ResultSummary>
</TestRun>